app/build/outputs/logs/manifest-merger-debug-report.txt
-- Merging decision tree log ---
manifest
ADDED from AndroidManifest.xml:2:1
	xmlns:android
		ADDED from AndroidManifest.xml:2:11
	package
		ADDED from AndroidManifest.xml:3:5
		INJECTED from AndroidManifest.xml:0:0
		INJECTED from AndroidManifest.xml:0:0
	android:versionName
		ADDED from AndroidManifest.xml:6:5
	android:versionCode
		ADDED from AndroidManifest.xml:5:5
		INJECTED from AndroidManifest.xml:0:0
		INJECTED from AndroidManifest.xml:0:0
	android:installLocation
		ADDED from AndroidManifest.xml:4:5
uses-permission#android.permission.INTERNET
ADDED from AndroidManifest.xml:20:5
	android:name
		ADDED from AndroidManifest.xml:20:22
application
ADDED from AndroidManifest.xml:22:5
MERGED from com.android.support:support-v4:22.2.0:22:5
	android:label
		ADDED from AndroidManifest.xml:25:9
	android:allowBackup
		ADDED from AndroidManifest.xml:23:9
	android:icon
		ADDED from AndroidManifest.xml:24:9
	android:theme
		ADDED from AndroidManifest.xml:27:9
	android:launchMode
		ADDED from AndroidManifest.xml:26:9
uses-library#android.test.runner
ADDED from AndroidManifest.xml:28:9
	android:name
		ADDED from AndroidManifest.xml:28:23
activity#com.mdsgpp.eef.view.MainActivity
ADDED from AndroidManifest.xml:30:9
	android:screenOrientation
		ADDED from AndroidManifest.xml:33:13
	android:label
		ADDED from AndroidManifest.xml:32:13
	android:name
		ADDED from AndroidManifest.xml:31:13
intent-filter#android.intent.action.MAIN+android.intent.category.LAUNCHER
ADDED from AndroidManifest.xml:34:13
action#android.intent.action.MAIN
ADDED from AndroidManifest.xml:35:17
	android:name
		ADDED from AndroidManifest.xml:35:25
category#android.intent.category.LAUNCHER
ADDED from AndroidManifest.xml:37:17
	android:name
		ADDED from AndroidManifest.xml:37:27
activity#com.mdsgpp.eef.view.StateScreen
ADDED from AndroidManifest.xml:40:9
	android:screenOrientation
		ADDED from AndroidManifest.xml:44:13
	android:label
		ADDED from AndroidManifest.xml:43:13
	android:icon
		ADDED from AndroidManifest.xml:42:13
	android:name
		ADDED from AndroidManifest.xml:41:13
activity#com.mdsgpp.eef.view.StateListScreen
ADDED from AndroidManifest.xml:46:9
	android:screenOrientation
		ADDED from AndroidManifest.xml:50:13
	android:label
		ADDED from AndroidManifest.xml:49:13
	android:icon
		ADDED from AndroidManifest.xml:48:13
	android:name
		ADDED from AndroidManifest.xml:47:13
activity#com.mdsgpp.eef.view.ComparisonScreen
ADDED from AndroidManifest.xml:52:9
	android:screenOrientation
		ADDED from AndroidManifest.xml:56:13
	android:label
		ADDED from AndroidManifest.xml:55:13
	android:icon
		ADDED from AndroidManifest.xml:54:13
	android:name
		ADDED from AndroidManifest.xml:53:13
activity#com.mdsgpp.eef.view.AboutScreen
ADDED from AndroidManifest.xml:58:9
	android:screenOrientation
		ADDED from AndroidManifest.xml:62:13
	android:label
		ADDED from AndroidManifest.xml:61:13
	android:icon
		ADDED from AndroidManifest.xml:60:13
	android:name
		ADDED from AndroidManifest.xml:59:13
activity#com.mdsgpp.eef.view.ConsultedIndicativesScreen
ADDED from AndroidManifest.xml:64:9
	android:screenOrientation
		ADDED from AndroidManifest.xml:68:13
	android:label
		ADDED from AndroidManifest.xml:67:13
	android:icon
		ADDED from AndroidManifest.xml:66:13
	android:name
		ADDED from AndroidManifest.xml:65:13
activity#com.mdsgpp.eef.view.ConsultationResultScreen
ADDED from AndroidManifest.xml:70:9
	android:label
		ADDED from AndroidManifest.xml:73:13
	android:icon
		ADDED from AndroidManifest.xml:72:13
	android:name
		ADDED from AndroidManifest.xml:71:13
activity#com.mdsgpp.eef.view.FeedScreen
ADDED from AndroidManifest.xml:75:9
	android:screenOrientation
		ADDED from AndroidManifest.xml:79:13
	android:label
		ADDED from AndroidManifest.xml:78:13
	android:icon
		ADDED from AndroidManifest.xml:77:13
	android:name
		ADDED from AndroidManifest.xml:76:13
activity#com.mdsgpp.eef.view.FeedAboutScreen
ADDED from AndroidManifest.xml:81:9
	android:screenOrientation
		ADDED from AndroidManifest.xml:85:13
	android:label
		ADDED from AndroidManifest.xml:84:13
	android:icon
		ADDED from AndroidManifest.xml:83:13
	android:name
		ADDED from AndroidManifest.xml:82:13
activity#com.mdsgpp.eef.view.ChooseIndicativeChartComparisonScreen
ADDED from AndroidManifest.xml:87:9
	android:screenOrientation
		ADDED from AndroidManifest.xml:91:13
	android:label
		ADDED from AndroidManifest.xml:90:13
	android:icon
		ADDED from AndroidManifest.xml:89:13
	android:name
		ADDED from AndroidManifest.xml:88:13
activity#com.mdsgpp.eef.view.ChooseIndicativeChartLineScreen
ADDED from AndroidManifest.xml:93:9
	android:screenOrientation
		ADDED from AndroidManifest.xml:97:13
	android:label
		ADDED from AndroidManifest.xml:96:13
	android:icon
		ADDED from AndroidManifest.xml:95:13
	android:name
		ADDED from AndroidManifest.xml:94:13
activity#com.mdsgpp.eef.view.GraphScreen
ADDED from AndroidManifest.xml:99:9
	android:screenOrientation
		ADDED from AndroidManifest.xml:103:13
	android:label
		ADDED from AndroidManifest.xml:102:13
	android:icon
		ADDED from AndroidManifest.xml:101:13
	android:name
		ADDED from AndroidManifest.xml:100:13
activity#com.mdsgpp.eef.view.GraphLineScreen
ADDED from AndroidManifest.xml:105:9
	android:screenOrientation
		ADDED from AndroidManifest.xml:109:13
	android:label
		ADDED from AndroidManifest.xml:108:13
	android:icon
		ADDED from AndroidManifest.xml:107:13
	android:name
		ADDED from AndroidManifest.xml:106:13
activity#com.mdsgpp.eef.view.IndicativesAboutScreen
ADDED from AndroidManifest.xml:111:9
	android:screenOrientation
		ADDED from AndroidManifest.xml:115:13
	android:label
		ADDED from AndroidManifest.xml:114:13
	android:icon
		ADDED from AndroidManifest.xml:113:13
	android:name
		ADDED from AndroidManifest.xml:112:13
activity#com.mdsgpp.eef.view.ConsultationAboutScreen
ADDED from AndroidManifest.xml:117:9
	android:screenOrientation
		ADDED from AndroidManifest.xml:121:13
	android:label
		ADDED from AndroidManifest.xml:120:13
	android:icon
		ADDED from AndroidManifest.xml:119:13
	android:name
		ADDED from AndroidManifest.xml:118:13
activity#com.mdsgpp.eef.view.ComparisonAboutScreen
ADDED from AndroidManifest.xml:123:9
	android:screenOrientation
		ADDED from AndroidManifest.xml:127:13
	android:label
		ADDED from AndroidManifest.xml:126:13
	android:icon
		ADDED from AndroidManifest.xml:125:13
	android:name
		ADDED from AndroidManifest.xml:124:13
activity#com.mdsgpp.eef.view.GeneralComparisonsScreen
ADDED from AndroidManifest.xml:129:9
	android:screenOrientation
		ADDED from AndroidManifest.xml:133:13
	android:label
		ADDED from AndroidManifest.xml:132:13
	android:icon
		ADDED from AndroidManifest.xml:131:13
	android:name
		ADDED from AndroidManifest.xml:130:13
activity#com.mdsgpp.eef.view.ConsultationByIndicativeScreen
ADDED from AndroidManifest.xml:135:9
	android:screenOrientation
		ADDED from AndroidManifest.xml:139:13
	android:label
		ADDED from AndroidManifest.xml:138:13
	android:icon
		ADDED from AndroidManifest.xml:137:13
	android:name
		ADDED from AndroidManifest.xml:136:13
activity#com.mdsgpp.eef.view.ConsultationByIndicativeResultScreen
ADDED from AndroidManifest.xml:141:9
	android:screenOrientation
		ADDED from AndroidManifest.xml:145:13
	android:label
		ADDED from AndroidManifest.xml:144:13
	android:icon
		ADDED from AndroidManifest.xml:143:13
	android:name
		ADDED from AndroidManifest.xml:142:13
activity#com.mdsgpp.eef.view.StateHistoryScreen
ADDED from AndroidManifest.xml:147:9
	android:screenOrientation
		ADDED from AndroidManifest.xml:151:13
	android:label
		ADDED from AndroidManifest.xml:150:13
	android:icon
		ADDED from AndroidManifest.xml:149:13
	android:name
		ADDED from AndroidManifest.xml:148:13
activity#com.mdsgpp.eef.view.GeneralComparisonAboutScreen
ADDED from AndroidManifest.xml:153:9
	android:screenOrientation
		ADDED from AndroidManifest.xml:157:13
	android:label
		ADDED from AndroidManifest.xml:156:13
	android:icon
		ADDED from AndroidManifest.xml:155:13
	android:name
		ADDED from AndroidManifest.xml:154:13
activity#com.mdsgpp.eef.view.StateListAboutScreen
ADDED from AndroidManifest.xml:159:9
	android:screenOrientation
		ADDED from AndroidManifest.xml:163:13
	android:label
		ADDED from AndroidManifest.xml:162:13
	android:icon
		ADDED from AndroidManifest.xml:161:13
	android:name
		ADDED from AndroidManifest.xml:160:13
activity#com.mdsgpp.eef.view.StateAboutScreen
ADDED from AndroidManifest.xml:165:9
	android:screenOrientation
		ADDED from AndroidManifest.xml:169:13
	android:label
		ADDED from AndroidManifest.xml:168:13
	android:icon
		ADDED from AndroidManifest.xml:167:13
	android:name
		ADDED from AndroidManifest.xml:166:13
activity#com.mdsgpp.eef.view.ComparisonBetweenStatesAboutScreen
ADDED from AndroidManifest.xml:171:9
	android:screenOrientation
		ADDED from AndroidManifest.xml:175:13
	android:label
		ADDED from AndroidManifest.xml:174:13
	android:icon
		ADDED from AndroidManifest.xml:173:13
	android:name
		ADDED from AndroidManifest.xml:172:13
activity#com.mdsgpp.eef.view.IndicativeChoosenAboutScreen
ADDED from AndroidManifest.xml:177:9
	android:screenOrientation
		ADDED from AndroidManifest.xml:181:13
	android:label
		ADDED from AndroidManifest.xml:180:13
	android:icon
		ADDED from AndroidManifest.xml:179:13
	android:name
		ADDED from AndroidManifest.xml:178:13
activity#com.mdsgpp.eef.view.AboutResultOfConsultationScreen
ADDED from AndroidManifest.xml:183:9
	android:screenOrientation
		ADDED from AndroidManifest.xml:187:13
	android:label
		ADDED from AndroidManifest.xml:186:13
	android:icon
		ADDED from AndroidManifest.xml:185:13
	android:name
		ADDED from AndroidManifest.xml:184:13
activity#com.mdsgpp.eef.view.IndicativeHistoryAboutScreen
ADDED from AndroidManifest.xml:189:9
	android:screenOrientation
		ADDED from AndroidManifest.xml:193:13
	android:label
		ADDED from AndroidManifest.xml:192:13
	android:icon
		ADDED from AndroidManifest.xml:191:13
	android:name
		ADDED from AndroidManifest.xml:190:13
activity#com.mdsgpp.eef.view.ChartAboutScreen
ADDED from AndroidManifest.xml:195:9
	android:screenOrientation
		ADDED from AndroidManifest.xml:199:13
	android:label
		ADDED from AndroidManifest.xml:198:13
	android:icon
		ADDED from AndroidManifest.xml:197:13
	android:name
		ADDED from AndroidManifest.xml:196:13
activity#com.mdsgpp.eef.view.IndicativeChoosenChartComparsionAboutScreen
ADDED from AndroidManifest.xml:201:9
	android:screenOrientation
		ADDED from AndroidManifest.xml:205:13
	android:label
		ADDED from AndroidManifest.xml:204:13
	android:icon
		ADDED from AndroidManifest.xml:203:13
	android:name
		ADDED from AndroidManifest.xml:202:13
uses-sdk
INJECTED from AndroidManifest.xml:0:0 reason: use-sdk injection requested
MERGED from com.android.support:support-v4:22.2.0:20:5
	android:targetSdkVersion
		INJECTED from AndroidManifest.xml:0:0
		INJECTED from AndroidManifest.xml:0:0
	android:minSdkVersion
		INJECTED from AndroidManifest.xml:0:0
		INJECTED from AndroidManifest.xml:0:0